SF:mapFolding\clearOEIScache.py
DA:1,1
DA:3,1
DA:6,1
DA:9,1
DA:10,1
DA:11,1
DA:13,1
DA:14,1
DA:15,1
LF:9
LH:9
FN:6,15,clearOEIScache
FNDA:1,clearOEIScache
FNF:1
FNH:1
BRDA:9,0,jump to line 10,1
BRDA:9,0,jump to line 13,1
BRF:2
BRH:2
end_of_record
SF:mapFolding\mdmf.py
DA:1,1
DA:2,1
DA:3,1
DA:4,1
DA:5,1
DA:16,1
DA:17,1
DA:18,1
DA:20,1
DA:24,1
DA:25,1
DA:26,1
DA:29,1
DA:30,1
DA:31,1
DA:32,1
DA:35,1
DA:38,1
DA:39,1
DA:40,1
DA:41,1
DA:42,1
DA:44,1
DA:47,1
DA:50,1
DA:51,1
DA:52,1
DA:53,1
DA:54,1
DA:57,1
DA:60,1
DA:61,1
DA:64,1
DA:65,1
DA:66,1
DA:67,1
DA:69,1
DA:70,1
DA:71,1
DA:74,1
DA:75,1
DA:76,1
DA:78,1
DA:79,1
DA:80,1
DA:81,1
DA:82,1
DA:83,1
DA:84,1
DA:85,1
DA:87,1
DA:88,1
DA:90,1
DA:91,1
DA:93,1
DA:94,1
DA:95,1
DA:96,1
DA:97,1
DA:100,1
DA:101,1
DA:102,1
DA:103,1
DA:106,1
DA:107,1
DA:108,1
DA:109,1
DA:110,1
DA:111,1
DA:112,1
DA:113,1
DA:115,1
LF:72
LH:72
FN:5,115,foldings
FNDA:1,foldings
FNF:1
FNH:1
BRDA:17,0,jump to line 18,1
BRDA:17,0,jump to line 20,1
BRDA:25,0,jump to line 26,1
BRDA:25,0,jump to line 29,1
BRDA:30,0,jump to line 31,1
BRDA:30,0,jump to line 35,1
BRDA:31,0,jump to line 30,1
BRDA:31,0,jump to line 32,1
BRDA:38,0,jump to line 39,1
BRDA:38,0,jump to line 50,1
BRDA:39,0,jump to line 38,1
BRDA:39,0,jump to line 40,1
BRDA:40,0,jump to line 39,1
BRDA:40,0,jump to line 41,1
BRDA:42,0,jump to line 44,1
BRDA:42,0,jump to line 47,1
BRDA:64,0,jump to line 65,1
BRDA:64,0,jump to line 115,1
BRDA:65,0,jump to line 66,1
BRDA:65,0,jump to line 100,1
BRDA:66,0,jump to line 67,1
BRDA:66,0,jump to line 69,1
BRDA:74,0,jump to line 75,1
BRDA:74,0,jump to line 87,1
BRDA:75,0,jump to line 76,1
BRDA:75,0,jump to line 78,1
BRDA:79,0,jump to line 74,1
BRDA:79,0,jump to line 80,1
BRDA:80,0,jump to line 81,1
BRDA:80,0,jump to line 85,1
BRDA:82,0,jump to line 83,1
BRDA:82,0,jump to line 84,1
BRDA:87,0,jump to line 88,1
BRDA:87,0,jump to line 93,1
BRDA:88,0,jump to line 90,1
BRDA:88,0,jump to line 93,1
BRDA:93,0,jump to line 94,1
BRDA:93,0,jump to line 100,1
BRDA:95,0,jump to line 96,1
BRDA:95,0,jump to line 97,1
BRDA:100,0,jump to line 101,1
BRDA:100,0,jump to line 106,1
BRDA:106,0,jump to line 64,1
BRDA:106,0,jump to line 107,1
BRF:44
BRH:44
end_of_record
SF:mapFolding\oeis.py
DA:1,1
DA:2,1
DA:3,1
DA:4,1
DA:5,1
DA:6,1
DA:11,1
DA:13,1
DA:14,1
DA:15,1
DA:16,1
DA:17,1
DA:18,1
DA:19,1
DA:21,1
DA:22,1
DA:23,0
DA:24,0
DA:26,1
DA:69,1
DA:84,1
DA:85,1
DA:86,1
DA:87,1
DA:89,1
DA:90,1
DA:92,1
DA:93,1
DA:95,1
DA:96,1
DA:98,1
DA:99,1
DA:100,1
DA:101,0
DA:102,1
DA:103,1
DA:104,1
DA:106,1
DA:108,1
DA:109,1
DA:111,1
DA:112,1
DA:113,1
DA:114,1
DA:116,1
DA:117,1
DA:118,1
DA:119,1
DA:120,1
DA:121,1
DA:123,1
DA:124,1
DA:125,1
DA:128,1
DA:129,1
DA:130,1
DA:132,1
DA:134,1
DA:135,1
DA:137,1
DA:138,1
DA:139,1
DA:142,1
DA:143,1
DA:144,1
DA:145,1
LF:66
LH:63
FN:69,90,oeisSequence_aOFn
FNDA:1,oeisSequence_aOFn
FN:92,104,_parseContent
FNDA:1,_parseContent
FN:106,132,_getOEISsequence
FNDA:1,_getOEISsequence
FNF:3
FNH:3
BRDA:84,0,jump to line 85,1
BRDA:84,0,jump to line 86,1
BRDA:86,0,jump to line 87,1
BRDA:86,0,jump to line 89,1
BRDA:95,0,jump to line 96,1
BRDA:95,0,jump to line 98,1
BRDA:99,0,jump to line 100,1
BRDA:99,0,jump to line 104,1
BRDA:100,0,jump to line 101,0
BRDA:100,0,jump to line 102,1
BRDA:112,0,jump to line 113,1
BRDA:112,0,jump to line 116,1
BRDA:116,0,jump to line 117,1
BRDA:116,0,jump to line 123,1
BRDA:128,0,jump to line 129,1
BRDA:128,0,jump to line 132,0
BRDA:134,0,jump to line 135,1
BRDA:134,0,jump to line 137,1
BRDA:138,0,jump to line 139,1
BRDA:138,0,exit the module,1
BRDA:142,0,jump to line 138,1
BRDA:142,0,jump to line 143,1
BRF:22
BRH:20
end_of_record
SF:mapFolding\prepareParameters.py
DA:1,1
DA:3,1
DA:4,1
DA:5,1
DA:6,1
DA:8,1
DA:11,1
LF:7
LH:7
FN:3,11,countMinimumParsePoints
FNDA:1,countMinimumParsePoints
FNF:1
FNH:1
BRDA:5,0,jump to line 6,1
BRDA:5,0,jump to line 8,1
BRF:2
BRH:2
end_of_record
